<?xml version="1.0" encoding="UTF-8"?>
<testsuite name="org.example.TimeServletTest" tests="1" skipped="0" failures="0" errors="0" timestamp="2023-08-01T19:02:29" hostname="DESKTOP-DEB41DV" time="0.047">
  <properties/>
  <testcase name="testTimeServletWithValidTimezone()" classname="org.example.TimeServletTest" time="0.047"/>
  <system-out><![CDATA[]]></system-out>
  <system-err><![CDATA[]]></system-err>
</testsuite>
