<?xml version="1.0" encoding="UTF-8"?>
<testsuite name="org.example.TimezoneValidateFilterTest" tests="1" skipped="0" failures="0" errors="0" timestamp="2023-07-31T10:52:43" hostname="DESKTOP-DEB41DV" time="0.033">
  <properties/>
  <testcase name="testValidTimezone()" classname="org.example.TimezoneValidateFilterTest" time="0.033"/>
  <system-out><![CDATA[]]></system-out>
  <system-err><![CDATA[]]></system-err>
</testsuite>
