<?xml version="1.0" encoding="UTF-8"?>
<testsuite name="org.example.TimeServletTest" tests="1" skipped="0" failures="0" errors="0" timestamp="2023-08-02T16:45:28" hostname="DESKTOP-DEB41DV" time="0.051">
  <properties/>
  <testcase name="testTimeServletWithValidTimezone()" classname="org.example.TimeServletTest" time="0.051"/>
  <system-out><![CDATA[2023-08-02 16:45:28 UTC
]]></system-out>
  <system-err><![CDATA[]]></system-err>
</testsuite>
